<?xml version="1.0" encoding="UTF-8"?>
<testsuite xmlns:xsi="http://www.w3.org/2001/XMLSchema-instance" xsi:noNamespaceSchemaLocation="https://maven.apache.org/surefire/maven-surefire-plugin/xsd/surefire-test-report-3.0.xsd" version="3.0" name="org.example.tests.DomainTests" time="2.676" tests="4" errors="0" skipped="0" failures="0">
  <properties>
[...]
</properties>
  <testcase name="testEndpoints(String)[1]" classname="org.example.tests.DomainTests" time="1.935">
    <system-err><![CDATA[SLF4J: Failed to load class "org.slf4j.impl.StaticLoggerBinder".
SLF4J: Defaulting to no-operation (NOP) logger implementation
SLF4J: See http://www.slf4j.org/codes.html#StaticLoggerBinder for further details.
]]></system-err>
  </testcase>
  <testcase name="testEndpoints(String)[2]" classname="org.example.tests.DomainTests" time="0.18"/>
  <testcase name="testEndpoints(String)[3]" classname="org.example.tests.DomainTests" time="0.191"/>
  <testcase name="testEndpoints(String)[4]" classname="org.example.tests.DomainTests" time="0.119"/>
</testsuite>